<?xml version="1.0" encoding="UTF-8"?>
<!-- Generated by org.testng.reporters.JUnitXMLReporter -->
<testsuite ignored="0" hostname="LAPTOP-TJC1MEID" failures="0" tests="6" name="Default test" time="22.723" errors="0" timestamp="2023-07-26T17:52:34 IST">
  <testcase classname="api.test.DDTests" name="testPostuser" time="12.746"/>
  <testcase classname="api.test.DDTests" name="testPostuser" time="1.121"/>
  <testcase classname="api.test.DDTests" name="testPostuser" time="1.179"/>
  <testcase classname="api.test.DDTests" name="testDeleteUserByName" time="1.145"/>
  <testcase classname="api.test.DDTests" name="testDeleteUserByName" time="1.142"/>
  <testcase classname="api.test.DDTests" name="testDeleteUserByName" time="1.113"/>
</testsuite> <!-- Default test -->
