<?xml version="1.0" encoding="UTF-8"?>
<!-- Generated by org.testng.reporters.JUnitXMLReporter -->
<testsuite ignored="0" hostname="LAPTOP-TJC1MEID" failures="0" tests="4" name="PetTest" time="19.399" errors="0" timestamp="2023-07-27T10:56:00 IST">
  <testcase classname="api.test.UserTests2" name="testPostUser" time="9.488"/>
  <testcase classname="api.test.UserTests2" name="testGetUserByName" time="1.246"/>
  <testcase classname="api.test.UserTests2" name="testUpdateUserByName" time="2.314"/>
  <testcase classname="api.test.UserTests2" name="testDeleteUserByName" time="1.143"/>
</testsuite> <!-- PetTest -->
