<?xml version="1.0" encoding="UTF-8"?>
<!-- Generated by org.testng.reporters.JUnitXMLReporter -->
<testsuite ignored="0" hostname="LAPTOP-TJC1MEID" failures="0" tests="4" name="PetTest" time="9.834" errors="0" timestamp="2023-07-27T09:48:35 IST">
  <testcase classname="api.test.UserTests2" name="testPostUser" time="3.814"/>
  <testcase classname="api.test.UserTests2" name="testGetUserByName" time="1.287"/>
  <testcase classname="api.test.UserTests2" name="testUpdateUserByName" time="2.314"/>
  <testcase classname="api.test.UserTests2" name="testDeleteUserByName" time="1.117"/>
</testsuite> <!-- PetTest -->
